Created by PLY version 3.11 (http://www.dabeaz.com/ply)

Grammar

Rule 0     S' -> expression
Rule 1     expression -> expression + expression
Rule 2     expression -> expression - expression
Rule 3     expression -> expression * expression
Rule 4     expression -> expression / expression
Rule 5     expression -> ( expression )
Rule 6     expression -> NUMBER
Rule 7     expression -> VARIABLE
Rule 8     expression -> - expression

Terminals, with rules where they appear

(                    : 5
)                    : 5
*                    : 3
+                    : 1
-                    : 2 8
/                    : 4
NUMBER               : 6
VARIABLE             : 7
error                : 

Nonterminals, with rules where they appear

expression           : 1 1 2 2 3 3 4 4 5 8 0

Parsing method: LALR

state 0

    (0) S' -> . expression
    (1) expression -> . expression + expression
    (2) expression -> . expression - expression
    (3) expression -> . expression * expression
    (4) expression -> . expression / expression
    (5) expression -> . ( expression )
    (6) expression -> . NUMBER
    (7) expression -> . VARIABLE
    (8) expression -> . - expression

    (               shift and go to state 3
    NUMBER          shift and go to state 4
    VARIABLE        shift and go to state 5
    -               shift and go to state 2

    expression                     shift and go to state 1

state 1

    (0) S' -> expression .
    (1) expression -> expression . + expression
    (2) expression -> expression . - expression
    (3) expression -> expression . * expression
    (4) expression -> expression . / expression

    +               shift and go to state 6
    -               shift and go to state 7
    *               shift and go to state 8
    /               shift and go to state 9


state 2

    (8) expression -> - . expression
    (1) expression -> . expression + expression
    (2) expression -> . expression - expression
    (3) expression -> . expression * expression
    (4) expression -> . expression / expression
    (5) expression -> . ( expression )
    (6) expression -> . NUMBER
    (7) expression -> . VARIABLE
    (8) expression -> . - expression

    (               shift and go to state 3
    NUMBER          shift and go to state 4
    VARIABLE        shift and go to state 5
    -               shift and go to state 2

    expression                     shift and go to state 10

state 3

    (5) expression -> ( . expression )
    (1) expression -> . expression + expression
    (2) expression -> . expression - expression
    (3) expression -> . expression * expression
    (4) expression -> . expression / expression
    (5) expression -> . ( expression )
    (6) expression -> . NUMBER
    (7) expression -> . VARIABLE
    (8) expression -> . - expression

    (               shift and go to state 3
    NUMBER          shift and go to state 4
    VARIABLE        shift and go to state 5
    -               shift and go to state 2

    expression                     shift and go to state 11

state 4

    (6) expression -> NUMBER .

    +               reduce using rule 6 (expression -> NUMBER .)
    -               reduce using rule 6 (expression -> NUMBER .)
    *               reduce using rule 6 (expression -> NUMBER .)
    /               reduce using rule 6 (expression -> NUMBER .)
    $end            reduce using rule 6 (expression -> NUMBER .)
    )               reduce using rule 6 (expression -> NUMBER .)


state 5

    (7) expression -> VARIABLE .

    +               reduce using rule 7 (expression -> VARIABLE .)
    -               reduce using rule 7 (expression -> VARIABLE .)
    *               reduce using rule 7 (expression -> VARIABLE .)
    /               reduce using rule 7 (expression -> VARIABLE .)
    $end            reduce using rule 7 (expression -> VARIABLE .)
    )               reduce using rule 7 (expression -> VARIABLE .)


state 6

    (1) expression -> expression + . expression
    (1) expression -> . expression + expression
    (2) expression -> . expression - expression
    (3) expression -> . expression * expression
    (4) expression -> . expression / expression
    (5) expression -> . ( expression )
    (6) expression -> . NUMBER
    (7) expression -> . VARIABLE
    (8) expression -> . - expression

    (               shift and go to state 3
    NUMBER          shift and go to state 4
    VARIABLE        shift and go to state 5
    -               shift and go to state 2

    expression                     shift and go to state 12

state 7

    (2) expression -> expression - . expression
    (1) expression -> . expression + expression
    (2) expression -> . expression - expression
    (3) expression -> . expression * expression
    (4) expression -> . expression / expression
    (5) expression -> . ( expression )
    (6) expression -> . NUMBER
    (7) expression -> . VARIABLE
    (8) expression -> . - expression

    (               shift and go to state 3
    NUMBER          shift and go to state 4
    VARIABLE        shift and go to state 5
    -               shift and go to state 2

    expression                     shift and go to state 13

state 8

    (3) expression -> expression * . expression
    (1) expression -> . expression + expression
    (2) expression -> . expression - expression
    (3) expression -> . expression * expression
    (4) expression -> . expression / expression
    (5) expression -> . ( expression )
    (6) expression -> . NUMBER
    (7) expression -> . VARIABLE
    (8) expression -> . - expression

    (               shift and go to state 3
    NUMBER          shift and go to state 4
    VARIABLE        shift and go to state 5
    -               shift and go to state 2

    expression                     shift and go to state 14

state 9

    (4) expression -> expression / . expression
    (1) expression -> . expression + expression
    (2) expression -> . expression - expression
    (3) expression -> . expression * expression
    (4) expression -> . expression / expression
    (5) expression -> . ( expression )
    (6) expression -> . NUMBER
    (7) expression -> . VARIABLE
    (8) expression -> . - expression

    (               shift and go to state 3
    NUMBER          shift and go to state 4
    VARIABLE        shift and go to state 5
    -               shift and go to state 2

    expression                     shift and go to state 15

state 10

    (8) expression -> - expression .
    (1) expression -> expression . + expression
    (2) expression -> expression . - expression
    (3) expression -> expression . * expression
    (4) expression -> expression . / expression

    +               reduce using rule 8 (expression -> - expression .)
    -               reduce using rule 8 (expression -> - expression .)
    *               reduce using rule 8 (expression -> - expression .)
    /               reduce using rule 8 (expression -> - expression .)
    $end            reduce using rule 8 (expression -> - expression .)
    )               reduce using rule 8 (expression -> - expression .)

  ! +               [ shift and go to state 6 ]
  ! -               [ shift and go to state 7 ]
  ! *               [ shift and go to state 8 ]
  ! /               [ shift and go to state 9 ]


state 11

    (5) expression -> ( expression . )
    (1) expression -> expression . + expression
    (2) expression -> expression . - expression
    (3) expression -> expression . * expression
    (4) expression -> expression . / expression

    )               shift and go to state 16
    +               shift and go to state 6
    -               shift and go to state 7
    *               shift and go to state 8
    /               shift and go to state 9


state 12

    (1) expression -> expression + expression .
    (1) expression -> expression . + expression
    (2) expression -> expression . - expression
    (3) expression -> expression . * expression
    (4) expression -> expression . / expression

    +               reduce using rule 1 (expression -> expression + expression .)
    -               reduce using rule 1 (expression -> expression + expression .)
    $end            reduce using rule 1 (expression -> expression + expression .)
    )               reduce using rule 1 (expression -> expression + expression .)
    *               shift and go to state 8
    /               shift and go to state 9

  ! *               [ reduce using rule 1 (expression -> expression + expression .) ]
  ! /               [ reduce using rule 1 (expression -> expression + expression .) ]
  ! +               [ shift and go to state 6 ]
  ! -               [ shift and go to state 7 ]


state 13

    (2) expression -> expression - expression .
    (1) expression -> expression . + expression
    (2) expression -> expression . - expression
    (3) expression -> expression . * expression
    (4) expression -> expression . / expression

    +               reduce using rule 2 (expression -> expression - expression .)
    -               reduce using rule 2 (expression -> expression - expression .)
    $end            reduce using rule 2 (expression -> expression - expression .)
    )               reduce using rule 2 (expression -> expression - expression .)
    *               shift and go to state 8
    /               shift and go to state 9

  ! *               [ reduce using rule 2 (expression -> expression - expression .) ]
  ! /               [ reduce using rule 2 (expression -> expression - expression .) ]
  ! +               [ shift and go to state 6 ]
  ! -               [ shift and go to state 7 ]


state 14

    (3) expression -> expression * expression .
    (1) expression -> expression . + expression
    (2) expression -> expression . - expression
    (3) expression -> expression . * expression
    (4) expression -> expression . / expression

    +               reduce using rule 3 (expression -> expression * expression .)
    -               reduce using rule 3 (expression -> expression * expression .)
    *               reduce using rule 3 (expression -> expression * expression .)
    /               reduce using rule 3 (expression -> expression * expression .)
    $end            reduce using rule 3 (expression -> expression * expression .)
    )               reduce using rule 3 (expression -> expression * expression .)

  ! +               [ shift and go to state 6 ]
  ! -               [ shift and go to state 7 ]
  ! *               [ shift and go to state 8 ]
  ! /               [ shift and go to state 9 ]


state 15

    (4) expression -> expression / expression .
    (1) expression -> expression . + expression
    (2) expression -> expression . - expression
    (3) expression -> expression . * expression
    (4) expression -> expression . / expression

    +               reduce using rule 4 (expression -> expression / expression .)
    -               reduce using rule 4 (expression -> expression / expression .)
    *               reduce using rule 4 (expression -> expression / expression .)
    /               reduce using rule 4 (expression -> expression / expression .)
    $end            reduce using rule 4 (expression -> expression / expression .)
    )               reduce using rule 4 (expression -> expression / expression .)

  ! +               [ shift and go to state 6 ]
  ! -               [ shift and go to state 7 ]
  ! *               [ shift and go to state 8 ]
  ! /               [ shift and go to state 9 ]


state 16

    (5) expression -> ( expression ) .

    +               reduce using rule 5 (expression -> ( expression ) .)
    -               reduce using rule 5 (expression -> ( expression ) .)
    *               reduce using rule 5 (expression -> ( expression ) .)
    /               reduce using rule 5 (expression -> ( expression ) .)
    $end            reduce using rule 5 (expression -> ( expression ) .)
    )               reduce using rule 5 (expression -> ( expression ) .)

